[debug] [2025-12-12T19:39:12.720Z] [Firebase Plugin] Activating Firebase extension.
[info] [Firebase Plugin] Checked firebase-tools, is up to date!
[debug] [2025-12-12T19:39:23.268Z] [Firebase Plugin] requireAuthWrapper
[debug] [2025-12-12T19:39:23.275Z] > command requires scopes: ["email","openid","https://www.googleapis.com/auth/cloudplatformprojects.readonly","https://www.googleapis.com/auth/firebase","https://www.googleapis.com/auth/cloud-platform"]
[debug] [2025-12-12T19:39:23.276Z] > authorizing via signed-in user (donkeyhotshow@gmail.com)
[debug] [2025-12-12T19:39:23.287Z] Checked if tokens are valid: false, expires at: 1765538406944
[debug] [2025-12-12T19:39:23.288Z] Checked if tokens are valid: false, expires at: 1765538406944
[debug] [2025-12-12T19:39:23.290Z] > refreshing access token with scopes: []
[debug] [2025-12-12T19:39:23.296Z] >>> [apiv2][query] POST https://www.googleapis.com/oauth2/v3/token [none]
[debug] [2025-12-12T19:39:23.297Z] >>> [apiv2][body] POST https://www.googleapis.com/oauth2/v3/token [omitted]
[debug] [2025-12-12T19:39:23.332Z] [Firebase Plugin] VSCode notification server listening on port 40001
[info] [Firebase Plugin] Starting Data Connect toolkit (version 2.17.0) on port 50001
[debug] [2025-12-12T19:39:24.370Z] 'fdc build' failed with error: Unable to build your Data Connect schema and connectors (exit code 1): E1212 21:39:24.313973    4824 cmd.go:43] Error loading data connect config: could not find dataconnect.yaml in `c:\Users\kristina\Documents\DEV\ChatUs\dataconnect`
 {"metadata":{"emulator":{"name":"dataconnect"},"message":"'fdc build' failed with error: Unable to build your Data Connect schema and connectors (exit code 1): E1212 21:39:24.313973    4824 cmd.go:43] Error loading data connect config: could not find dataconnect.yaml in `c:\\Users\\kristina\\Documents\\DEV\\ChatUs\\dataconnect`\n"}}
[debug] [2025-12-12T19:39:24.373Z] Ignoring unsupported arg: auto_download {"metadata":{"emulator":{"name":"dataconnect"},"message":"Ignoring unsupported arg: auto_download"}}
[debug] [2025-12-12T19:39:24.373Z] Ignoring unsupported arg: port {"metadata":{"emulator":{"name":"dataconnect"},"message":"Ignoring unsupported arg: port"}}
[debug] [2025-12-12T19:39:24.374Z] Starting Data Connect Emulator with command {"binary":"C:\\Users\\kristina\\.cache\\firebase\\emulators\\dataconnect-emulator-2.17.0.exe","args":["--logtostderr","-v=2","dev","--listen=localhost:50001","--config_dir=c:\\Users\\kristina\\Documents\\DEV\\ChatUs\\dataconnect","--enable_output_schema_extensions=true","--enable_output_generated_sdk=true"],"optionalArgs":["listen","config_dir","enable_output_schema_extensions","enable_output_generated_sdk"],"joinArgs":true,"shell":false,"port":9399} {"metadata":{"emulator":{"name":"dataconnect"},"message":"Starting Data Connect Emulator with command {\"binary\":\"C:\\\\Users\\\\kristina\\\\.cache\\\\firebase\\\\emulators\\\\dataconnect-emulator-2.17.0.exe\",\"args\":[\"--logtostderr\",\"-v=2\",\"dev\",\"--listen=localhost:50001\",\"--config_dir=c:\\\\Users\\\\kristina\\\\Documents\\\\DEV\\\\ChatUs\\\\dataconnect\",\"--enable_output_schema_extensions=true\",\"--enable_output_generated_sdk=true\"],\"optionalArgs\":[\"listen\",\"config_dir\",\"enable_output_schema_extensions\",\"enable_output_generated_sdk\"],\"joinArgs\":true,\"shell\":false,\"port\":9399}"}}
[info] i  dataconnect: Data Connect Emulator logging to dataconnect-debug.log {"metadata":{"emulator":{"name":"dataconnect"},"message":"Data Connect Emulator logging to \u001b[1mdataconnect-debug.log\u001b[22m"}}
[debug] [2025-12-12T19:39:24.618Z] E1212 21:39:24.545129   19536 dev.go:82] Failed to load initial config from "c:\\Users\\kristina\\Documents\\DEV\\ChatUs\\dataconnect": could not find dataconnect.yaml in `c:\Users\kristina\Documents\DEV\ChatUs\dataconnect`
E1212 21:39:24.608257   19536 watch.go:102] watchAllDir unable to walk dir `c:\Users\kristina\Documents\DEV\ChatUs\dataconnect`: CreateFile c:\Users\kristina\Documents\DEV\ChatUs\dataconnect: The system cannot find the file specified.
 {"metadata":{"emulator":{"name":"dataconnect"},"message":"E1212 21:39:24.545129   19536 dev.go:82] Failed to load initial config from \"c:\\\\Users\\\\kristina\\\\Documents\\\\DEV\\\\ChatUs\\\\dataconnect\": could not find dataconnect.yaml in `c:\\Users\\kristina\\Documents\\DEV\\ChatUs\\dataconnect`\nE1212 21:39:24.608257   19536 watch.go:102] watchAllDir unable to walk dir `c:\\Users\\kristina\\Documents\\DEV\\ChatUs\\dataconnect`: CreateFile c:\\Users\\kristina\\Documents\\DEV\\ChatUs\\dataconnect: The system cannot find the file specified.\n"}}
[debug] [2025-12-12T19:39:24.623Z] <<< [apiv2][status] POST https://www.googleapis.com/oauth2/v3/token 200
[debug] [2025-12-12T19:39:24.624Z] <<< [apiv2][body] POST https://www.googleapis.com/oauth2/v3/token [omitted]
[debug] [2025-12-12T19:39:24.682Z] [Firebase Plugin] User found:  donkeyhotshow@gmail.com
[info] [Firebase Plugin] (Core:Project) New user detected, fetching projects
[debug] [2025-12-12T19:39:24.685Z] Checked if tokens are valid: true, expires at: 1765571963625
[debug] [2025-12-12T19:39:24.687Z] >>> [apiv2][query] GET https://firebase.googleapis.com/v1beta1/projects pageSize=1000
[debug] [2025-12-12T19:39:24.692Z] I1212 21:39:24.636126   19536 dev.go:105] Listening on address (HTTP + gRPC): 127.0.0.1:50001
 {"metadata":{"emulator":{"name":"dataconnect"},"message":"I1212 21:39:24.636126   19536 dev.go:105] Listening on address (HTTP + gRPC): 127.0.0.1:50001\n"}}
[error] [Firebase Plugin] error:  {}
[debug] [2025-12-12T19:39:25.412Z] <<< [apiv2][status] GET https://firebase.googleapis.com/v1beta1/projects 200
[debug] [2025-12-12T19:39:25.413Z] <<< [apiv2][body] GET https://firebase.googleapis.com/v1beta1/projects [omitted]
[debug] [2025-12-12T19:39:34.618Z] E1212 21:39:34.610039   19536 watch.go:31] Failed to load config from "c:\\Users\\kristina\\Documents\\DEV\\ChatUs\\dataconnect": could not find dataconnect.yaml in `c:\Users\kristina\Documents\DEV\ChatUs\dataconnect`
 {"metadata":{"emulator":{"name":"dataconnect"},"message":"E1212 21:39:34.610039   19536 watch.go:31] Failed to load config from \"c:\\\\Users\\\\kristina\\\\Documents\\\\DEV\\\\ChatUs\\\\dataconnect\": could not find dataconnect.yaml in `c:\\Users\\kristina\\Documents\\DEV\\ChatUs\\dataconnect`\n"}}
[debug] [2025-12-12T19:39:44.610Z] E1212 21:39:44.610553   19536 watch.go:31] Failed to load config from "c:\\Users\\kristina\\Documents\\DEV\\ChatUs\\dataconnect": could not find dataconnect.yaml in `c:\Users\kristina\Documents\DEV\ChatUs\dataconnect`
 {"metadata":{"emulator":{"name":"dataconnect"},"message":"E1212 21:39:44.610553   19536 watch.go:31] Failed to load config from \"c:\\\\Users\\\\kristina\\\\Documents\\\\DEV\\\\ChatUs\\\\dataconnect\": could not find dataconnect.yaml in `c:\\Users\\kristina\\Documents\\DEV\\ChatUs\\dataconnect`\n"}}
[debug] [2025-12-12T19:39:54.609Z] E1212 21:39:54.609454   19536 watch.go:31] Failed to load config from "c:\\Users\\kristina\\Documents\\DEV\\ChatUs\\dataconnect": could not find dataconnect.yaml in `c:\Users\kristina\Documents\DEV\ChatUs\dataconnect`
 {"metadata":{"emulator":{"name":"dataconnect"},"message":"E1212 21:39:54.609454   19536 watch.go:31] Failed to load config from \"c:\\\\Users\\\\kristina\\\\Documents\\\\DEV\\\\ChatUs\\\\dataconnect\": could not find dataconnect.yaml in `c:\\Users\\kristina\\Documents\\DEV\\ChatUs\\dataconnect`\n"}}
[debug] [2025-12-12T19:40:05.925Z] E1212 21:40:04.609538   19536 watch.go:31] Failed to load config from "c:\\Users\\kristina\\Documents\\DEV\\ChatUs\\dataconnect": could not find dataconnect.yaml in `c:\Users\kristina\Documents\DEV\ChatUs\dataconnect`
 {"metadata":{"emulator":{"name":"dataconnect"},"message":"E1212 21:40:04.609538   19536 watch.go:31] Failed to load config from \"c:\\\\Users\\\\kristina\\\\Documents\\\\DEV\\\\ChatUs\\\\dataconnect\": could not find dataconnect.yaml in `c:\\Users\\kristina\\Documents\\DEV\\ChatUs\\dataconnect`\n"}}
[debug] [2025-12-12T19:40:14.609Z] E1212 21:40:14.609290   19536 watch.go:31] Failed to load config from "c:\\Users\\kristina\\Documents\\DEV\\ChatUs\\dataconnect": could not find dataconnect.yaml in `c:\Users\kristina\Documents\DEV\ChatUs\dataconnect`
 {"metadata":{"emulator":{"name":"dataconnect"},"message":"E1212 21:40:14.609290   19536 watch.go:31] Failed to load config from \"c:\\\\Users\\\\kristina\\\\Documents\\\\DEV\\\\ChatUs\\\\dataconnect\": could not find dataconnect.yaml in `c:\\Users\\kristina\\Documents\\DEV\\ChatUs\\dataconnect`\n"}}
[debug] [2025-12-12T19:40:24.610Z] E1212 21:40:24.609910   19536 watch.go:31] Failed to load config from "c:\\Users\\kristina\\Documents\\DEV\\ChatUs\\dataconnect": could not find dataconnect.yaml in `c:\Users\kristina\Documents\DEV\ChatUs\dataconnect`
 {"metadata":{"emulator":{"name":"dataconnect"},"message":"E1212 21:40:24.609910   19536 watch.go:31] Failed to load config from \"c:\\\\Users\\\\kristina\\\\Documents\\\\DEV\\\\ChatUs\\\\dataconnect\": could not find dataconnect.yaml in `c:\\Users\\kristina\\Documents\\DEV\\ChatUs\\dataconnect`\n"}}
[debug] [2025-12-12T19:40:34.613Z] E1212 21:40:34.612906   19536 watch.go:31] Failed to load config from "c:\\Users\\kristina\\Documents\\DEV\\ChatUs\\dataconnect": could not find dataconnect.yaml in `c:\Users\kristina\Documents\DEV\ChatUs\dataconnect`
 {"metadata":{"emulator":{"name":"dataconnect"},"message":"E1212 21:40:34.612906   19536 watch.go:31] Failed to load config from \"c:\\\\Users\\\\kristina\\\\Documents\\\\DEV\\\\ChatUs\\\\dataconnect\": could not find dataconnect.yaml in `c:\\Users\\kristina\\Documents\\DEV\\ChatUs\\dataconnect`\n"}}
[debug] [2025-12-12T19:40:44.610Z] E1212 21:40:44.609565   19536 watch.go:31] Failed to load config from "c:\\Users\\kristina\\Documents\\DEV\\ChatUs\\dataconnect": could not find dataconnect.yaml in `c:\Users\kristina\Documents\DEV\ChatUs\dataconnect`
 {"metadata":{"emulator":{"name":"dataconnect"},"message":"E1212 21:40:44.609565   19536 watch.go:31] Failed to load config from \"c:\\\\Users\\\\kristina\\\\Documents\\\\DEV\\\\ChatUs\\\\dataconnect\": could not find dataconnect.yaml in `c:\\Users\\kristina\\Documents\\DEV\\ChatUs\\dataconnect`\n"}}
[debug] [2025-12-12T19:40:54.610Z] E1212 21:40:54.610122   19536 watch.go:31] Failed to load config from "c:\\Users\\kristina\\Documents\\DEV\\ChatUs\\dataconnect": could not find dataconnect.yaml in `c:\Users\kristina\Documents\DEV\ChatUs\dataconnect`
 {"metadata":{"emulator":{"name":"dataconnect"},"message":"E1212 21:40:54.610122   19536 watch.go:31] Failed to load config from \"c:\\\\Users\\\\kristina\\\\Documents\\\\DEV\\\\ChatUs\\\\dataconnect\": could not find dataconnect.yaml in `c:\\Users\\kristina\\Documents\\DEV\\ChatUs\\dataconnect`\n"}}
[debug] [2025-12-12T19:41:04.610Z] E1212 21:41:04.610042   19536 watch.go:31] Failed to load config from "c:\\Users\\kristina\\Documents\\DEV\\ChatUs\\dataconnect": could not find dataconnect.yaml in `c:\Users\kristina\Documents\DEV\ChatUs\dataconnect`
 {"metadata":{"emulator":{"name":"dataconnect"},"message":"E1212 21:41:04.610042   19536 watch.go:31] Failed to load config from \"c:\\\\Users\\\\kristina\\\\Documents\\\\DEV\\\\ChatUs\\\\dataconnect\": could not find dataconnect.yaml in `c:\\Users\\kristina\\Documents\\DEV\\ChatUs\\dataconnect`\n"}}
[debug] [2025-12-12T19:41:14.610Z] E1212 21:41:14.609466   19536 watch.go:31] Failed to load config from "c:\\Users\\kristina\\Documents\\DEV\\ChatUs\\dataconnect": could not find dataconnect.yaml in `c:\Users\kristina\Documents\DEV\ChatUs\dataconnect`
 {"metadata":{"emulator":{"name":"dataconnect"},"message":"E1212 21:41:14.609466   19536 watch.go:31] Failed to load config from \"c:\\\\Users\\\\kristina\\\\Documents\\\\DEV\\\\ChatUs\\\\dataconnect\": could not find dataconnect.yaml in `c:\\Users\\kristina\\Documents\\DEV\\ChatUs\\dataconnect`\n"}}
[debug] [2025-12-12T19:41:24.610Z] E1212 21:41:24.609853   19536 watch.go:31] Failed to load config from "c:\\Users\\kristina\\Documents\\DEV\\ChatUs\\dataconnect": could not find dataconnect.yaml in `c:\Users\kristina\Documents\DEV\ChatUs\dataconnect`
E1212 21:41:24.609853   19536 watch.go:102] watchAllDir unable to walk dir `c:\Users\kristina\Documents\DEV\ChatUs\dataconnect`: CreateFile c:\Users\kristina\Documents\DEV\ChatUs\dataconnect: The system cannot find the file specified.
 {"metadata":{"emulator":{"name":"dataconnect"},"message":"E1212 21:41:24.609853   19536 watch.go:31] Failed to load config from \"c:\\\\Users\\\\kristina\\\\Documents\\\\DEV\\\\ChatUs\\\\dataconnect\": could not find dataconnect.yaml in `c:\\Users\\kristina\\Documents\\DEV\\ChatUs\\dataconnect`\nE1212 21:41:24.609853   19536 watch.go:102] watchAllDir unable to walk dir `c:\\Users\\kristina\\Documents\\DEV\\ChatUs\\dataconnect`: CreateFile c:\\Users\\kristina\\Documents\\DEV\\ChatUs\\dataconnect: The system cannot find the file specified.\n"}}
[debug] [2025-12-12T19:41:34.615Z] E1212 21:41:34.614365   19536 watch.go:31] Failed to load config from "c:\\Users\\kristina\\Documents\\DEV\\ChatUs\\dataconnect": could not find dataconnect.yaml in `c:\Users\kristina\Documents\DEV\ChatUs\dataconnect`
 {"metadata":{"emulator":{"name":"dataconnect"},"message":"E1212 21:41:34.614365   19536 watch.go:31] Failed to load config from \"c:\\\\Users\\\\kristina\\\\Documents\\\\DEV\\\\ChatUs\\\\dataconnect\": could not find dataconnect.yaml in `c:\\Users\\kristina\\Documents\\DEV\\ChatUs\\dataconnect`\n"}}
[debug] [2025-12-12T19:41:44.611Z] E1212 21:41:44.610606   19536 watch.go:31] Failed to load config from "c:\\Users\\kristina\\Documents\\DEV\\ChatUs\\dataconnect": could not find dataconnect.yaml in `c:\Users\kristina\Documents\DEV\ChatUs\dataconnect`
 {"metadata":{"emulator":{"name":"dataconnect"},"message":"E1212 21:41:44.610606   19536 watch.go:31] Failed to load config from \"c:\\\\Users\\\\kristina\\\\Documents\\\\DEV\\\\ChatUs\\\\dataconnect\": could not find dataconnect.yaml in `c:\\Users\\kristina\\Documents\\DEV\\ChatUs\\dataconnect`\n"}}
[debug] [2025-12-12T19:41:54.610Z] E1212 21:41:54.610133   19536 watch.go:31] Failed to load config from "c:\\Users\\kristina\\Documents\\DEV\\ChatUs\\dataconnect": could not find dataconnect.yaml in `c:\Users\kristina\Documents\DEV\ChatUs\dataconnect`
 {"metadata":{"emulator":{"name":"dataconnect"},"message":"E1212 21:41:54.610133   19536 watch.go:31] Failed to load config from \"c:\\\\Users\\\\kristina\\\\Documents\\\\DEV\\\\ChatUs\\\\dataconnect\": could not find dataconnect.yaml in `c:\\Users\\kristina\\Documents\\DEV\\ChatUs\\dataconnect`\n"}}
[debug] [2025-12-12T19:42:04.610Z] E1212 21:42:04.609725   19536 watch.go:31] Failed to load config from "c:\\Users\\kristina\\Documents\\DEV\\ChatUs\\dataconnect": could not find dataconnect.yaml in `c:\Users\kristina\Documents\DEV\ChatUs\dataconnect`
 {"metadata":{"emulator":{"name":"dataconnect"},"message":"E1212 21:42:04.609725   19536 watch.go:31] Failed to load config from \"c:\\\\Users\\\\kristina\\\\Documents\\\\DEV\\\\ChatUs\\\\dataconnect\": could not find dataconnect.yaml in `c:\\Users\\kristina\\Documents\\DEV\\ChatUs\\dataconnect`\n"}}
[debug] [2025-12-12T19:42:14.610Z] E1212 21:42:14.610166   19536 watch.go:31] Failed to load config from "c:\\Users\\kristina\\Documents\\DEV\\ChatUs\\dataconnect": could not find dataconnect.yaml in `c:\Users\kristina\Documents\DEV\ChatUs\dataconnect`
 {"metadata":{"emulator":{"name":"dataconnect"},"message":"E1212 21:42:14.610166   19536 watch.go:31] Failed to load config from \"c:\\\\Users\\\\kristina\\\\Documents\\\\DEV\\\\ChatUs\\\\dataconnect\": could not find dataconnect.yaml in `c:\\Users\\kristina\\Documents\\DEV\\ChatUs\\dataconnect`\n"}}
[debug] [2025-12-12T19:42:24.610Z] E1212 21:42:24.610162   19536 watch.go:31] Failed to load config from "c:\\Users\\kristina\\Documents\\DEV\\ChatUs\\dataconnect": could not find dataconnect.yaml in `c:\Users\kristina\Documents\DEV\ChatUs\dataconnect`
 {"metadata":{"emulator":{"name":"dataconnect"},"message":"E1212 21:42:24.610162   19536 watch.go:31] Failed to load config from \"c:\\\\Users\\\\kristina\\\\Documents\\\\DEV\\\\ChatUs\\\\dataconnect\": could not find dataconnect.yaml in `c:\\Users\\kristina\\Documents\\DEV\\ChatUs\\dataconnect`\n"}}
[debug] [2025-12-12T19:42:34.610Z] E1212 21:42:34.610261   19536 watch.go:31] Failed to load config from "c:\\Users\\kristina\\Documents\\DEV\\ChatUs\\dataconnect": could not find dataconnect.yaml in `c:\Users\kristina\Documents\DEV\ChatUs\dataconnect`
 {"metadata":{"emulator":{"name":"dataconnect"},"message":"E1212 21:42:34.610261   19536 watch.go:31] Failed to load config from \"c:\\\\Users\\\\kristina\\\\Documents\\\\DEV\\\\ChatUs\\\\dataconnect\": could not find dataconnect.yaml in `c:\\Users\\kristina\\Documents\\DEV\\ChatUs\\dataconnect`\n"}}
[debug] [2025-12-12T19:42:44.610Z] E1212 21:42:44.609642   19536 watch.go:31] Failed to load config from "c:\\Users\\kristina\\Documents\\DEV\\ChatUs\\dataconnect": could not find dataconnect.yaml in `c:\Users\kristina\Documents\DEV\ChatUs\dataconnect`
 {"metadata":{"emulator":{"name":"dataconnect"},"message":"E1212 21:42:44.609642   19536 watch.go:31] Failed to load config from \"c:\\\\Users\\\\kristina\\\\Documents\\\\DEV\\\\ChatUs\\\\dataconnect\": could not find dataconnect.yaml in `c:\\Users\\kristina\\Documents\\DEV\\ChatUs\\dataconnect`\n"}}
[debug] [2025-12-12T19:42:54.610Z] E1212 21:42:54.609811   19536 watch.go:31] Failed to load config from "c:\\Users\\kristina\\Documents\\DEV\\ChatUs\\dataconnect": could not find dataconnect.yaml in `c:\Users\kristina\Documents\DEV\ChatUs\dataconnect`
 {"metadata":{"emulator":{"name":"dataconnect"},"message":"E1212 21:42:54.609811   19536 watch.go:31] Failed to load config from \"c:\\\\Users\\\\kristina\\\\Documents\\\\DEV\\\\ChatUs\\\\dataconnect\": could not find dataconnect.yaml in `c:\\Users\\kristina\\Documents\\DEV\\ChatUs\\dataconnect`\n"}}
[debug] [2025-12-12T19:43:04.611Z] E1212 21:43:04.610223   19536 watch.go:31] Failed to load config from "c:\\Users\\kristina\\Documents\\DEV\\ChatUs\\dataconnect": could not find dataconnect.yaml in `c:\Users\kristina\Documents\DEV\ChatUs\dataconnect`
 {"metadata":{"emulator":{"name":"dataconnect"},"message":"E1212 21:43:04.610223   19536 watch.go:31] Failed to load config from \"c:\\\\Users\\\\kristina\\\\Documents\\\\DEV\\\\ChatUs\\\\dataconnect\": could not find dataconnect.yaml in `c:\\Users\\kristina\\Documents\\DEV\\ChatUs\\dataconnect`\n"}}
[debug] [2025-12-12T19:43:14.611Z] E1212 21:43:14.610366   19536 watch.go:31] Failed to load config from "c:\\Users\\kristina\\Documents\\DEV\\ChatUs\\dataconnect": could not find dataconnect.yaml in `c:\Users\kristina\Documents\DEV\ChatUs\dataconnect`
 {"metadata":{"emulator":{"name":"dataconnect"},"message":"E1212 21:43:14.610366   19536 watch.go:31] Failed to load config from \"c:\\\\Users\\\\kristina\\\\Documents\\\\DEV\\\\ChatUs\\\\dataconnect\": could not find dataconnect.yaml in `c:\\Users\\kristina\\Documents\\DEV\\ChatUs\\dataconnect`\n"}}
[debug] [2025-12-12T19:43:24.610Z] E1212 21:43:24.609495   19536 watch.go:31] Failed to load config from "c:\\Users\\kristina\\Documents\\DEV\\ChatUs\\dataconnect": could not find dataconnect.yaml in `c:\Users\kristina\Documents\DEV\ChatUs\dataconnect`
E1212 21:43:24.610285   19536 watch.go:102] watchAllDir unable to walk dir `c:\Users\kristina\Documents\DEV\ChatUs\dataconnect`: CreateFile c:\Users\kristina\Documents\DEV\ChatUs\dataconnect: The system cannot find the file specified.
 {"metadata":{"emulator":{"name":"dataconnect"},"message":"E1212 21:43:24.609495   19536 watch.go:31] Failed to load config from \"c:\\\\Users\\\\kristina\\\\Documents\\\\DEV\\\\ChatUs\\\\dataconnect\": could not find dataconnect.yaml in `c:\\Users\\kristina\\Documents\\DEV\\ChatUs\\dataconnect`\nE1212 21:43:24.610285   19536 watch.go:102] watchAllDir unable to walk dir `c:\\Users\\kristina\\Documents\\DEV\\ChatUs\\dataconnect`: CreateFile c:\\Users\\kristina\\Documents\\DEV\\ChatUs\\dataconnect: The system cannot find the file specified.\n"}}
[debug] [2025-12-12T19:43:34.610Z] E1212 21:43:34.610081   19536 watch.go:31] Failed to load config from "c:\\Users\\kristina\\Documents\\DEV\\ChatUs\\dataconnect": could not find dataconnect.yaml in `c:\Users\kristina\Documents\DEV\ChatUs\dataconnect`
 {"metadata":{"emulator":{"name":"dataconnect"},"message":"E1212 21:43:34.610081   19536 watch.go:31] Failed to load config from \"c:\\\\Users\\\\kristina\\\\Documents\\\\DEV\\\\ChatUs\\\\dataconnect\": could not find dataconnect.yaml in `c:\\Users\\kristina\\Documents\\DEV\\ChatUs\\dataconnect`\n"}}
[debug] [2025-12-12T19:43:44.614Z] E1212 21:43:44.614106   19536 watch.go:31] Failed to load config from "c:\\Users\\kristina\\Documents\\DEV\\ChatUs\\dataconnect": could not find dataconnect.yaml in `c:\Users\kristina\Documents\DEV\ChatUs\dataconnect`
 {"metadata":{"emulator":{"name":"dataconnect"},"message":"E1212 21:43:44.614106   19536 watch.go:31] Failed to load config from \"c:\\\\Users\\\\kristina\\\\Documents\\\\DEV\\\\ChatUs\\\\dataconnect\": could not find dataconnect.yaml in `c:\\Users\\kristina\\Documents\\DEV\\ChatUs\\dataconnect`\n"}}
[debug] [2025-12-12T19:43:54.612Z] E1212 21:43:54.611177   19536 watch.go:31] Failed to load config from "c:\\Users\\kristina\\Documents\\DEV\\ChatUs\\dataconnect": could not find dataconnect.yaml in `c:\Users\kristina\Documents\DEV\ChatUs\dataconnect`
 {"metadata":{"emulator":{"name":"dataconnect"},"message":"E1212 21:43:54.611177   19536 watch.go:31] Failed to load config from \"c:\\\\Users\\\\kristina\\\\Documents\\\\DEV\\\\ChatUs\\\\dataconnect\": could not find dataconnect.yaml in `c:\\Users\\kristina\\Documents\\DEV\\ChatUs\\dataconnect`\n"}}
[debug] [2025-12-12T19:44:04.611Z] E1212 21:44:04.610700   19536 watch.go:31] Failed to load config from "c:\\Users\\kristina\\Documents\\DEV\\ChatUs\\dataconnect": could not find dataconnect.yaml in `c:\Users\kristina\Documents\DEV\ChatUs\dataconnect`
 {"metadata":{"emulator":{"name":"dataconnect"},"message":"E1212 21:44:04.610700   19536 watch.go:31] Failed to load config from \"c:\\\\Users\\\\kristina\\\\Documents\\\\DEV\\\\ChatUs\\\\dataconnect\": could not find dataconnect.yaml in `c:\\Users\\kristina\\Documents\\DEV\\ChatUs\\dataconnect`\n"}}
[debug] [2025-12-12T19:44:14.611Z] E1212 21:44:14.610113   19536 watch.go:31] Failed to load config from "c:\\Users\\kristina\\Documents\\DEV\\ChatUs\\dataconnect": could not find dataconnect.yaml in `c:\Users\kristina\Documents\DEV\ChatUs\dataconnect`
 {"metadata":{"emulator":{"name":"dataconnect"},"message":"E1212 21:44:14.610113   19536 watch.go:31] Failed to load config from \"c:\\\\Users\\\\kristina\\\\Documents\\\\DEV\\\\ChatUs\\\\dataconnect\": could not find dataconnect.yaml in `c:\\Users\\kristina\\Documents\\DEV\\ChatUs\\dataconnect`\n"}}
[debug] [2025-12-12T19:44:24.609Z] E1212 21:44:24.609294   19536 watch.go:31] Failed to load config from "c:\\Users\\kristina\\Documents\\DEV\\ChatUs\\dataconnect": could not find dataconnect.yaml in `c:\Users\kristina\Documents\DEV\ChatUs\dataconnect`
 {"metadata":{"emulator":{"name":"dataconnect"},"message":"E1212 21:44:24.609294   19536 watch.go:31] Failed to load config from \"c:\\\\Users\\\\kristina\\\\Documents\\\\DEV\\\\ChatUs\\\\dataconnect\": could not find dataconnect.yaml in `c:\\Users\\kristina\\Documents\\DEV\\ChatUs\\dataconnect`\n"}}
[debug] [2025-12-12T19:44:34.609Z] E1212 21:44:34.609143   19536 watch.go:31] Failed to load config from "c:\\Users\\kristina\\Documents\\DEV\\ChatUs\\dataconnect": could not find dataconnect.yaml in `c:\Users\kristina\Documents\DEV\ChatUs\dataconnect`
 {"metadata":{"emulator":{"name":"dataconnect"},"message":"E1212 21:44:34.609143   19536 watch.go:31] Failed to load config from \"c:\\\\Users\\\\kristina\\\\Documents\\\\DEV\\\\ChatUs\\\\dataconnect\": could not find dataconnect.yaml in `c:\\Users\\kristina\\Documents\\DEV\\ChatUs\\dataconnect`\n"}}
[debug] [2025-12-12T19:44:44.611Z] E1212 21:44:44.611179   19536 watch.go:31] Failed to load config from "c:\\Users\\kristina\\Documents\\DEV\\ChatUs\\dataconnect": could not find dataconnect.yaml in `c:\Users\kristina\Documents\DEV\ChatUs\dataconnect`
 {"metadata":{"emulator":{"name":"dataconnect"},"message":"E1212 21:44:44.611179   19536 watch.go:31] Failed to load config from \"c:\\\\Users\\\\kristina\\\\Documents\\\\DEV\\\\ChatUs\\\\dataconnect\": could not find dataconnect.yaml in `c:\\Users\\kristina\\Documents\\DEV\\ChatUs\\dataconnect`\n"}}
[debug] [2025-12-12T19:44:54.610Z] E1212 21:44:54.609962   19536 watch.go:31] Failed to load config from "c:\\Users\\kristina\\Documents\\DEV\\ChatUs\\dataconnect": could not find dataconnect.yaml in `c:\Users\kristina\Documents\DEV\ChatUs\dataconnect`
 {"metadata":{"emulator":{"name":"dataconnect"},"message":"E1212 21:44:54.609962   19536 watch.go:31] Failed to load config from \"c:\\\\Users\\\\kristina\\\\Documents\\\\DEV\\\\ChatUs\\\\dataconnect\": could not find dataconnect.yaml in `c:\\Users\\kristina\\Documents\\DEV\\ChatUs\\dataconnect`\n"}}
[debug] [2025-12-12T19:45:04.610Z] E1212 21:45:04.610282   19536 watch.go:31] Failed to load config from "c:\\Users\\kristina\\Documents\\DEV\\ChatUs\\dataconnect": could not find dataconnect.yaml in `c:\Users\kristina\Documents\DEV\ChatUs\dataconnect`
 {"metadata":{"emulator":{"name":"dataconnect"},"message":"E1212 21:45:04.610282   19536 watch.go:31] Failed to load config from \"c:\\\\Users\\\\kristina\\\\Documents\\\\DEV\\\\ChatUs\\\\dataconnect\": could not find dataconnect.yaml in `c:\\Users\\kristina\\Documents\\DEV\\ChatUs\\dataconnect`\n"}}
[debug] [2025-12-12T19:45:14.610Z] E1212 21:45:14.610240   19536 watch.go:31] Failed to load config from "c:\\Users\\kristina\\Documents\\DEV\\ChatUs\\dataconnect": could not find dataconnect.yaml in `c:\Users\kristina\Documents\DEV\ChatUs\dataconnect`
 {"metadata":{"emulator":{"name":"dataconnect"},"message":"E1212 21:45:14.610240   19536 watch.go:31] Failed to load config from \"c:\\\\Users\\\\kristina\\\\Documents\\\\DEV\\\\ChatUs\\\\dataconnect\": could not find dataconnect.yaml in `c:\\Users\\kristina\\Documents\\DEV\\ChatUs\\dataconnect`\n"}}
[debug] [2025-12-12T19:45:24.611Z] E1212 21:45:24.611103   19536 watch.go:31] Failed to load config from "c:\\Users\\kristina\\Documents\\DEV\\ChatUs\\dataconnect": could not find dataconnect.yaml in `c:\Users\kristina\Documents\DEV\ChatUs\dataconnect`
 {"metadata":{"emulator":{"name":"dataconnect"},"message":"E1212 21:45:24.611103   19536 watch.go:31] Failed to load config from \"c:\\\\Users\\\\kristina\\\\Documents\\\\DEV\\\\ChatUs\\\\dataconnect\": could not find dataconnect.yaml in `c:\\Users\\kristina\\Documents\\DEV\\ChatUs\\dataconnect`\n"}}
[debug] [2025-12-12T19:45:24.612Z] E1212 21:45:24.611675   19536 watch.go:102] watchAllDir unable to walk dir `c:\Users\kristina\Documents\DEV\ChatUs\dataconnect`: CreateFile c:\Users\kristina\Documents\DEV\ChatUs\dataconnect: The system cannot find the file specified.
 {"metadata":{"emulator":{"name":"dataconnect"},"message":"E1212 21:45:24.611675   19536 watch.go:102] watchAllDir unable to walk dir `c:\\Users\\kristina\\Documents\\DEV\\ChatUs\\dataconnect`: CreateFile c:\\Users\\kristina\\Documents\\DEV\\ChatUs\\dataconnect: The system cannot find the file specified.\n"}}
[debug] [2025-12-12T19:45:34.611Z] E1212 21:45:34.610578   19536 watch.go:31] Failed to load config from "c:\\Users\\kristina\\Documents\\DEV\\ChatUs\\dataconnect": could not find dataconnect.yaml in `c:\Users\kristina\Documents\DEV\ChatUs\dataconnect`
 {"metadata":{"emulator":{"name":"dataconnect"},"message":"E1212 21:45:34.610578   19536 watch.go:31] Failed to load config from \"c:\\\\Users\\\\kristina\\\\Documents\\\\DEV\\\\ChatUs\\\\dataconnect\": could not find dataconnect.yaml in `c:\\Users\\kristina\\Documents\\DEV\\ChatUs\\dataconnect`\n"}}
[debug] [2025-12-12T19:45:44.610Z] E1212 21:45:44.609802   19536 watch.go:31] Failed to load config from "c:\\Users\\kristina\\Documents\\DEV\\ChatUs\\dataconnect": could not find dataconnect.yaml in `c:\Users\kristina\Documents\DEV\ChatUs\dataconnect`
 {"metadata":{"emulator":{"name":"dataconnect"},"message":"E1212 21:45:44.609802   19536 watch.go:31] Failed to load config from \"c:\\\\Users\\\\kristina\\\\Documents\\\\DEV\\\\ChatUs\\\\dataconnect\": could not find dataconnect.yaml in `c:\\Users\\kristina\\Documents\\DEV\\ChatUs\\dataconnect`\n"}}
[debug] [2025-12-12T19:45:54.609Z] E1212 21:45:54.609306   19536 watch.go:31] Failed to load config from "c:\\Users\\kristina\\Documents\\DEV\\ChatUs\\dataconnect": could not find dataconnect.yaml in `c:\Users\kristina\Documents\DEV\ChatUs\dataconnect`
 {"metadata":{"emulator":{"name":"dataconnect"},"message":"E1212 21:45:54.609306   19536 watch.go:31] Failed to load config from \"c:\\\\Users\\\\kristina\\\\Documents\\\\DEV\\\\ChatUs\\\\dataconnect\": could not find dataconnect.yaml in `c:\\Users\\kristina\\Documents\\DEV\\ChatUs\\dataconnect`\n"}}
[debug] [2025-12-12T19:46:04.610Z] E1212 21:46:04.610105   19536 watch.go:31] Failed to load config from "c:\\Users\\kristina\\Documents\\DEV\\ChatUs\\dataconnect": could not find dataconnect.yaml in `c:\Users\kristina\Documents\DEV\ChatUs\dataconnect`
 {"metadata":{"emulator":{"name":"dataconnect"},"message":"E1212 21:46:04.610105   19536 watch.go:31] Failed to load config from \"c:\\\\Users\\\\kristina\\\\Documents\\\\DEV\\\\ChatUs\\\\dataconnect\": could not find dataconnect.yaml in `c:\\Users\\kristina\\Documents\\DEV\\ChatUs\\dataconnect`\n"}}
[debug] [2025-12-12T19:46:14.611Z] E1212 21:46:14.609672   19536 watch.go:31] Failed to load config from "c:\\Users\\kristina\\Documents\\DEV\\ChatUs\\dataconnect": could not find dataconnect.yaml in `c:\Users\kristina\Documents\DEV\ChatUs\dataconnect`
 {"metadata":{"emulator":{"name":"dataconnect"},"message":"E1212 21:46:14.609672   19536 watch.go:31] Failed to load config from \"c:\\\\Users\\\\kristina\\\\Documents\\\\DEV\\\\ChatUs\\\\dataconnect\": could not find dataconnect.yaml in `c:\\Users\\kristina\\Documents\\DEV\\ChatUs\\dataconnect`\n"}}
[debug] [2025-12-12T19:46:24.610Z] E1212 21:46:24.610628   19536 watch.go:31] Failed to load config from "c:\\Users\\kristina\\Documents\\DEV\\ChatUs\\dataconnect": could not find dataconnect.yaml in `c:\Users\kristina\Documents\DEV\ChatUs\dataconnect`
 {"metadata":{"emulator":{"name":"dataconnect"},"message":"E1212 21:46:24.610628   19536 watch.go:31] Failed to load config from \"c:\\\\Users\\\\kristina\\\\Documents\\\\DEV\\\\ChatUs\\\\dataconnect\": could not find dataconnect.yaml in `c:\\Users\\kristina\\Documents\\DEV\\ChatUs\\dataconnect`\n"}}
[debug] [2025-12-12T19:46:34.610Z] E1212 21:46:34.609899   19536 watch.go:31] Failed to load config from "c:\\Users\\kristina\\Documents\\DEV\\ChatUs\\dataconnect": could not find dataconnect.yaml in `c:\Users\kristina\Documents\DEV\ChatUs\dataconnect`
 {"metadata":{"emulator":{"name":"dataconnect"},"message":"E1212 21:46:34.609899   19536 watch.go:31] Failed to load config from \"c:\\\\Users\\\\kristina\\\\Documents\\\\DEV\\\\ChatUs\\\\dataconnect\": could not find dataconnect.yaml in `c:\\Users\\kristina\\Documents\\DEV\\ChatUs\\dataconnect`\n"}}
[debug] [2025-12-12T19:46:44.610Z] E1212 21:46:44.609744   19536 watch.go:31] Failed to load config from "c:\\Users\\kristina\\Documents\\DEV\\ChatUs\\dataconnect": could not find dataconnect.yaml in `c:\Users\kristina\Documents\DEV\ChatUs\dataconnect`
 {"metadata":{"emulator":{"name":"dataconnect"},"message":"E1212 21:46:44.609744   19536 watch.go:31] Failed to load config from \"c:\\\\Users\\\\kristina\\\\Documents\\\\DEV\\\\ChatUs\\\\dataconnect\": could not find dataconnect.yaml in `c:\\Users\\kristina\\Documents\\DEV\\ChatUs\\dataconnect`\n"}}
[debug] [2025-12-12T19:46:54.610Z] E1212 21:46:54.609795   19536 watch.go:31] Failed to load config from "c:\\Users\\kristina\\Documents\\DEV\\ChatUs\\dataconnect": could not find dataconnect.yaml in `c:\Users\kristina\Documents\DEV\ChatUs\dataconnect`
 {"metadata":{"emulator":{"name":"dataconnect"},"message":"E1212 21:46:54.609795   19536 watch.go:31] Failed to load config from \"c:\\\\Users\\\\kristina\\\\Documents\\\\DEV\\\\ChatUs\\\\dataconnect\": could not find dataconnect.yaml in `c:\\Users\\kristina\\Documents\\DEV\\ChatUs\\dataconnect`\n"}}
[debug] [2025-12-12T19:47:04.610Z] E1212 21:47:04.610255   19536 watch.go:31] Failed to load config from "c:\\Users\\kristina\\Documents\\DEV\\ChatUs\\dataconnect": could not find dataconnect.yaml in `c:\Users\kristina\Documents\DEV\ChatUs\dataconnect`
 {"metadata":{"emulator":{"name":"dataconnect"},"message":"E1212 21:47:04.610255   19536 watch.go:31] Failed to load config from \"c:\\\\Users\\\\kristina\\\\Documents\\\\DEV\\\\ChatUs\\\\dataconnect\": could not find dataconnect.yaml in `c:\\Users\\kristina\\Documents\\DEV\\ChatUs\\dataconnect`\n"}}
[debug] [2025-12-12T19:47:14.610Z] E1212 21:47:14.609371   19536 watch.go:31] Failed to load config from "c:\\Users\\kristina\\Documents\\DEV\\ChatUs\\dataconnect": could not find dataconnect.yaml in `c:\Users\kristina\Documents\DEV\ChatUs\dataconnect`
 {"metadata":{"emulator":{"name":"dataconnect"},"message":"E1212 21:47:14.609371   19536 watch.go:31] Failed to load config from \"c:\\\\Users\\\\kristina\\\\Documents\\\\DEV\\\\ChatUs\\\\dataconnect\": could not find dataconnect.yaml in `c:\\Users\\kristina\\Documents\\DEV\\ChatUs\\dataconnect`\n"}}
[debug] [2025-12-12T19:47:24.613Z] E1212 21:47:24.613279   19536 watch.go:31] Failed to load config from "c:\\Users\\kristina\\Documents\\DEV\\ChatUs\\dataconnect": could not find dataconnect.yaml in `c:\Users\kristina\Documents\DEV\ChatUs\dataconnect`
E1212 21:47:24.613279   19536 watch.go:102] watchAllDir unable to walk dir `c:\Users\kristina\Documents\DEV\ChatUs\dataconnect`: CreateFile c:\Users\kristina\Documents\DEV\ChatUs\dataconnect: The system cannot find the file specified.
 {"metadata":{"emulator":{"name":"dataconnect"},"message":"E1212 21:47:24.613279   19536 watch.go:31] Failed to load config from \"c:\\\\Users\\\\kristina\\\\Documents\\\\DEV\\\\ChatUs\\\\dataconnect\": could not find dataconnect.yaml in `c:\\Users\\kristina\\Documents\\DEV\\ChatUs\\dataconnect`\nE1212 21:47:24.613279   19536 watch.go:102] watchAllDir unable to walk dir `c:\\Users\\kristina\\Documents\\DEV\\ChatUs\\dataconnect`: CreateFile c:\\Users\\kristina\\Documents\\DEV\\ChatUs\\dataconnect: The system cannot find the file specified.\n"}}
[debug] [2025-12-12T19:47:34.610Z] E1212 21:47:34.609985   19536 watch.go:31] Failed to load config from "c:\\Users\\kristina\\Documents\\DEV\\ChatUs\\dataconnect": could not find dataconnect.yaml in `c:\Users\kristina\Documents\DEV\ChatUs\dataconnect`
 {"metadata":{"emulator":{"name":"dataconnect"},"message":"E1212 21:47:34.609985   19536 watch.go:31] Failed to load config from \"c:\\\\Users\\\\kristina\\\\Documents\\\\DEV\\\\ChatUs\\\\dataconnect\": could not find dataconnect.yaml in `c:\\Users\\kristina\\Documents\\DEV\\ChatUs\\dataconnect`\n"}}
[debug] [2025-12-12T19:47:44.610Z] E1212 21:47:44.610190   19536 watch.go:31] Failed to load config from "c:\\Users\\kristina\\Documents\\DEV\\ChatUs\\dataconnect": could not find dataconnect.yaml in `c:\Users\kristina\Documents\DEV\ChatUs\dataconnect`
 {"metadata":{"emulator":{"name":"dataconnect"},"message":"E1212 21:47:44.610190   19536 watch.go:31] Failed to load config from \"c:\\\\Users\\\\kristina\\\\Documents\\\\DEV\\\\ChatUs\\\\dataconnect\": could not find dataconnect.yaml in `c:\\Users\\kristina\\Documents\\DEV\\ChatUs\\dataconnect`\n"}}
[debug] [2025-12-12T19:47:54.610Z] E1212 21:47:54.610725   19536 watch.go:31] Failed to load config from "c:\\Users\\kristina\\Documents\\DEV\\ChatUs\\dataconnect": could not find dataconnect.yaml in `c:\Users\kristina\Documents\DEV\ChatUs\dataconnect`
 {"metadata":{"emulator":{"name":"dataconnect"},"message":"E1212 21:47:54.610725   19536 watch.go:31] Failed to load config from \"c:\\\\Users\\\\kristina\\\\Documents\\\\DEV\\\\ChatUs\\\\dataconnect\": could not find dataconnect.yaml in `c:\\Users\\kristina\\Documents\\DEV\\ChatUs\\dataconnect`\n"}}
[debug] [2025-12-12T19:48:04.610Z] E1212 21:48:04.609914   19536 watch.go:31] Failed to load config from "c:\\Users\\kristina\\Documents\\DEV\\ChatUs\\dataconnect": could not find dataconnect.yaml in `c:\Users\kristina\Documents\DEV\ChatUs\dataconnect`
 {"metadata":{"emulator":{"name":"dataconnect"},"message":"E1212 21:48:04.609914   19536 watch.go:31] Failed to load config from \"c:\\\\Users\\\\kristina\\\\Documents\\\\DEV\\\\ChatUs\\\\dataconnect\": could not find dataconnect.yaml in `c:\\Users\\kristina\\Documents\\DEV\\ChatUs\\dataconnect`\n"}}
[debug] [2025-12-12T19:48:14.609Z] E1212 21:48:14.609851   19536 watch.go:31] Failed to load config from "c:\\Users\\kristina\\Documents\\DEV\\ChatUs\\dataconnect": could not find dataconnect.yaml in `c:\Users\kristina\Documents\DEV\ChatUs\dataconnect`
 {"metadata":{"emulator":{"name":"dataconnect"},"message":"E1212 21:48:14.609851   19536 watch.go:31] Failed to load config from \"c:\\\\Users\\\\kristina\\\\Documents\\\\DEV\\\\ChatUs\\\\dataconnect\": could not find dataconnect.yaml in `c:\\Users\\kristina\\Documents\\DEV\\ChatUs\\dataconnect`\n"}}
[debug] [2025-12-12T19:48:24.612Z] E1212 21:48:24.609881   19536 watch.go:31] Failed to load config from "c:\\Users\\kristina\\Documents\\DEV\\ChatUs\\dataconnect": could not find dataconnect.yaml in `c:\Users\kristina\Documents\DEV\ChatUs\dataconnect`
 {"metadata":{"emulator":{"name":"dataconnect"},"message":"E1212 21:48:24.609881   19536 watch.go:31] Failed to load config from \"c:\\\\Users\\\\kristina\\\\Documents\\\\DEV\\\\ChatUs\\\\dataconnect\": could not find dataconnect.yaml in `c:\\Users\\kristina\\Documents\\DEV\\ChatUs\\dataconnect`\n"}}
[debug] [2025-12-12T19:48:34.610Z] E1212 21:48:34.610475   19536 watch.go:31] Failed to load config from "c:\\Users\\kristina\\Documents\\DEV\\ChatUs\\dataconnect": could not find dataconnect.yaml in `c:\Users\kristina\Documents\DEV\ChatUs\dataconnect`
 {"metadata":{"emulator":{"name":"dataconnect"},"message":"E1212 21:48:34.610475   19536 watch.go:31] Failed to load config from \"c:\\\\Users\\\\kristina\\\\Documents\\\\DEV\\\\ChatUs\\\\dataconnect\": could not find dataconnect.yaml in `c:\\Users\\kristina\\Documents\\DEV\\ChatUs\\dataconnect`\n"}}
[debug] [2025-12-12T19:48:44.610Z] E1212 21:48:44.609819   19536 watch.go:31] Failed to load config from "c:\\Users\\kristina\\Documents\\DEV\\ChatUs\\dataconnect": could not find dataconnect.yaml in `c:\Users\kristina\Documents\DEV\ChatUs\dataconnect`
 {"metadata":{"emulator":{"name":"dataconnect"},"message":"E1212 21:48:44.609819   19536 watch.go:31] Failed to load config from \"c:\\\\Users\\\\kristina\\\\Documents\\\\DEV\\\\ChatUs\\\\dataconnect\": could not find dataconnect.yaml in `c:\\Users\\kristina\\Documents\\DEV\\ChatUs\\dataconnect`\n"}}
[debug] [2025-12-12T19:48:54.609Z] E1212 21:48:54.610071   19536 watch.go:31] Failed to load config from "c:\\Users\\kristina\\Documents\\DEV\\ChatUs\\dataconnect": could not find dataconnect.yaml in `c:\Users\kristina\Documents\DEV\ChatUs\dataconnect`
 {"metadata":{"emulator":{"name":"dataconnect"},"message":"E1212 21:48:54.610071   19536 watch.go:31] Failed to load config from \"c:\\\\Users\\\\kristina\\\\Documents\\\\DEV\\\\ChatUs\\\\dataconnect\": could not find dataconnect.yaml in `c:\\Users\\kristina\\Documents\\DEV\\ChatUs\\dataconnect`\n"}}
[debug] [2025-12-12T19:49:04.682Z] E1212 21:49:04.609553   19536 watch.go:31] Failed to load config from "c:\\Users\\kristina\\Documents\\DEV\\ChatUs\\dataconnect": could not find dataconnect.yaml in `c:\Users\kristina\Documents\DEV\ChatUs\dataconnect`
 {"metadata":{"emulator":{"name":"dataconnect"},"message":"E1212 21:49:04.609553   19536 watch.go:31] Failed to load config from \"c:\\\\Users\\\\kristina\\\\Documents\\\\DEV\\\\ChatUs\\\\dataconnect\": could not find dataconnect.yaml in `c:\\Users\\kristina\\Documents\\DEV\\ChatUs\\dataconnect`\n"}}
[debug] [2025-12-12T19:49:14.609Z] E1212 21:49:14.609402   19536 watch.go:31] Failed to load config from "c:\\Users\\kristina\\Documents\\DEV\\ChatUs\\dataconnect": could not find dataconnect.yaml in `c:\Users\kristina\Documents\DEV\ChatUs\dataconnect`
 {"metadata":{"emulator":{"name":"dataconnect"},"message":"E1212 21:49:14.609402   19536 watch.go:31] Failed to load config from \"c:\\\\Users\\\\kristina\\\\Documents\\\\DEV\\\\ChatUs\\\\dataconnect\": could not find dataconnect.yaml in `c:\\Users\\kristina\\Documents\\DEV\\ChatUs\\dataconnect`\n"}}
[debug] [2025-12-12T19:49:24.610Z] E1212 21:49:24.610879   19536 watch.go:31] Failed to load config from "c:\\Users\\kristina\\Documents\\DEV\\ChatUs\\dataconnect": could not find dataconnect.yaml in `c:\Users\kristina\Documents\DEV\ChatUs\dataconnect`
 {"metadata":{"emulator":{"name":"dataconnect"},"message":"E1212 21:49:24.610879   19536 watch.go:31] Failed to load config from \"c:\\\\Users\\\\kristina\\\\Documents\\\\DEV\\\\ChatUs\\\\dataconnect\": could not find dataconnect.yaml in `c:\\Users\\kristina\\Documents\\DEV\\ChatUs\\dataconnect`\n"}}
[debug] [2025-12-12T19:49:24.612Z] E1212 21:49:24.610879   19536 watch.go:102] watchAllDir unable to walk dir `c:\Users\kristina\Documents\DEV\ChatUs\dataconnect`: CreateFile c:\Users\kristina\Documents\DEV\ChatUs\dataconnect: The system cannot find the file specified.
 {"metadata":{"emulator":{"name":"dataconnect"},"message":"E1212 21:49:24.610879   19536 watch.go:102] watchAllDir unable to walk dir `c:\\Users\\kristina\\Documents\\DEV\\ChatUs\\dataconnect`: CreateFile c:\\Users\\kristina\\Documents\\DEV\\ChatUs\\dataconnect: The system cannot find the file specified.\n"}}
[debug] [2025-12-12T19:49:34.610Z] E1212 21:49:34.610687   19536 watch.go:31] Failed to load config from "c:\\Users\\kristina\\Documents\\DEV\\ChatUs\\dataconnect": could not find dataconnect.yaml in `c:\Users\kristina\Documents\DEV\ChatUs\dataconnect`
 {"metadata":{"emulator":{"name":"dataconnect"},"message":"E1212 21:49:34.610687   19536 watch.go:31] Failed to load config from \"c:\\\\Users\\\\kristina\\\\Documents\\\\DEV\\\\ChatUs\\\\dataconnect\": could not find dataconnect.yaml in `c:\\Users\\kristina\\Documents\\DEV\\ChatUs\\dataconnect`\n"}}
